<?xml version="1.0" encoding="UTF-8"?>
<testsuite name="com.example.test.TestApplicationTests" tests="1" skipped="0" failures="0" errors="0" timestamp="2024-02-10T11:48:50" hostname="SID" time="1.23">
  <properties/>
  <testcase name="contextLoads()" classname="com.example.test.TestApplicationTests" time="1.23"/>
  <system-out><![CDATA[06:48:48.439 [Test worker] INFO org.springframework.test.context.support.AnnotationConfigContextLoaderUtils -- Could not detect default configuration classes for test class [com.example.test.TestApplicationTests]: TestApplicationTests does not declare any static, non-private, non-final, nested classes annotated with @Configuration.
06:48:48.599 [Test worker] INFO org.springframework.boot.test.context.SpringBootTestContextBootstrapper -- Found @SpringBootConfiguration com.example.test.TestApplication for test class com.example.test.TestApplicationTests

  .   ____          _            __ _ _
 /\\ / ___'_ __ _ _(_)_ __  __ _ \ \ \ \
( ( )\___ | '_ | '_| | '_ \/ _` | \ \ \ \
 \\/  ___)| |_)| | | | | || (_| |  ) ) ) )
  '  |____| .__|_| |_|_| |_\__, | / / / /
 =========|_|==============|___/=/_/_/_/
 :: Spring Boot ::                (v3.2.2)

2024-02-10T06:48:49.189-05:00  INFO 25072 --- [    Test worker] com.example.test.TestApplicationTests    : Starting TestApplicationTests using Java 17.0.8.1 with PID 25072 (started by sidde in C:\Users\sidde\Desktop\Siddesh\Github\Practice\test\test)
2024-02-10T06:48:49.192-05:00  INFO 25072 --- [    Test worker] com.example.test.TestApplicationTests    : No active profile set, falling back to 1 default profile: "default"
2024-02-10T06:48:50.832-05:00  INFO 25072 --- [    Test worker] com.example.test.TestApplicationTests    : Started TestApplicationTests in 1.953 seconds (process running for 3.858)
]]></system-out>
  <system-err><![CDATA[]]></system-err>
</testsuite>
